<html>
<head>
<title>TestNG:  Test1</title>
<link href="../testng.css" rel="stylesheet" type="text/css" />
<link href="../my-testng.css" rel="stylesheet" type="text/css" />

<style type="text/css">
.log { display: none;} 
.stack-trace { display: none;} 
</style>
<script type="text/javascript">
<!--
function flip(e) {
  current = e.style.display;
  if (current == 'block') {
    e.style.display = 'none';
    return 0;
  }
  else {
    e.style.display = 'block';
    return 1;
  }
}

function toggleBox(szDivId, elem, msg1, msg2)
{
  var res = -1;  if (document.getElementById) {
    res = flip(document.getElementById(szDivId));
  }
  else if (document.all) {
    // this is the way old msie versions work
    res = flip(document.all[szDivId]);
  }
  if(elem) {
    if(res == 0) elem.innerHTML = msg1; else elem.innerHTML = msg2;
  }

}

function toggleAllBoxes() {
  if (document.getElementsByTagName) {
    d = document.getElementsByTagName('div');
    for (i = 0; i < d.length; i++) {
      if (d[i].className == 'log') {
        flip(d[i]);
      }
    }
  }
}

// -->
</script>

</head>
<body>
<h2 align='center'>Test1</h2><table border='1' align="center">
<tr>
<td>Tests passed/Failed/Skipped:</td><td>8/1/0</td>
</tr><tr>
<td>Started on:</td><td>Sat Sep 24 07:39:55 IST 2022</td>
</tr>
<tr><td>Total time:</td><td>10 seconds (10058 ms)</td>
</tr><tr>
<td>Included groups:</td><td></td>
</tr><tr>
<td>Excluded groups:</td><td></td>
</tr>
</table><p/>
<small><i>(Hover the method name to see the test class name)</i></small><p/>
<table width='100%' border='1' class='invocation-failed'>
<tr><td colspan='4' align='center'><b>FAILED TESTS</b></td></tr>
<tr><td><b>Test method</b></td>
<td width="30%"><b>Exception</b></td>
<td width="10%"><b>Time (seconds)</b></td>
<td><b>Instance</b></td>
</tr>
<tr>
<td title='day13and14.reoporter.m2()'><b>m2</b><br>Test class: day13and14.reoporter</td>
<td><div><pre>java.lang.AssertionError: expected [false] but found [true]
	at day13and14.reoporter.m2(reoporter.java:25)
	at java.base/java.util.concurrent.ThreadPoolExecutor.runWorker(ThreadPoolExecutor.java:1136)
	at java.base/java.util.concurrent.ThreadPoolExecutor$Worker.run(ThreadPoolExecutor.java:635)
	at java.base/java.lang.Thread.run(Thread.java:833)
... Removed 15 stack frames</pre></div><a href='#' onClick='toggleBox("stack-trace969325191", this, "Click to show all stack frames", "Click to hide stack frames")'>Click to show all stack frames</a>
<div class='stack-trace' id='stack-trace969325191'><pre>java.lang.AssertionError: expected [false] but found [true]
	at org.testng.Assert.fail(Assert.java:97)
	at org.testng.Assert.assertEqualsImpl(Assert.java:136)
	at org.testng.Assert.assertEquals(Assert.java:118)
	at org.testng.Assert.assertEquals(Assert.java:751)
	at org.testng.Assert.assertEquals(Assert.java:761)
	at day13and14.reoporter.m2(reoporter.java:25)
	at java.base/jdk.internal.reflect.DirectMethodHandleAccessor.invoke(DirectMethodHandleAccessor.java:104)
	at java.base/java.lang.reflect.Method.invoke(Method.java:577)
	at org.testng.internal.MethodInvocationHelper.invokeMethod(MethodInvocationHelper.java:134)
	at org.testng.internal.TestInvoker.invokeMethod(TestInvoker.java:597)
	at org.testng.internal.TestInvoker.invokeTestMethod(TestInvoker.java:173)
	at org.testng.internal.MethodRunner.runInSequence(MethodRunner.java:46)
	at org.testng.internal.TestInvoker$MethodInvocationAgent.invoke(TestInvoker.java:816)
	at org.testng.internal.TestInvoker.invokeTestMethods(TestInvoker.java:146)
	at org.testng.internal.TestMethodWorker.invokeTestMethods(TestMethodWorker.java:146)
	at org.testng.internal.TestMethodWorker.run(TestMethodWorker.java:128)
	at java.base/java.util.concurrent.ThreadPoolExecutor.runWorker(ThreadPoolExecutor.java:1136)
	at java.base/java.util.concurrent.ThreadPoolExecutor$Worker.run(ThreadPoolExecutor.java:635)
	at java.base/java.lang.Thread.run(Thread.java:833)
</pre></div></td>
<td>0</td>
<td>day13and14.reoporter@3eb7fc54</td></tr>
<tr>
<td title='day13and14.reoporter.m2()'><b>m2</b><br>Test class: day13and14.reoporter</td>
<td><div><pre>java.lang.AssertionError: expected [false] but found [true]
	at day13and14.reoporter.m2(reoporter.java:25)
	at java.base/java.util.concurrent.ThreadPoolExecutor.runWorker(ThreadPoolExecutor.java:1136)
	at java.base/java.util.concurrent.ThreadPoolExecutor$Worker.run(ThreadPoolExecutor.java:635)
	at java.base/java.lang.Thread.run(Thread.java:833)
... Removed 15 stack frames</pre></div><a href='#' onClick='toggleBox("stack-trace2012969549", this, "Click to show all stack frames", "Click to hide stack frames")'>Click to show all stack frames</a>
<div class='stack-trace' id='stack-trace2012969549'><pre>java.lang.AssertionError: expected [false] but found [true]
	at org.testng.Assert.fail(Assert.java:97)
	at org.testng.Assert.assertEqualsImpl(Assert.java:136)
	at org.testng.Assert.assertEquals(Assert.java:118)
	at org.testng.Assert.assertEquals(Assert.java:751)
	at org.testng.Assert.assertEquals(Assert.java:761)
	at day13and14.reoporter.m2(reoporter.java:25)
	at java.base/jdk.internal.reflect.DirectMethodHandleAccessor.invoke(DirectMethodHandleAccessor.java:104)
	at java.base/java.lang.reflect.Method.invoke(Method.java:577)
	at org.testng.internal.MethodInvocationHelper.invokeMethod(MethodInvocationHelper.java:134)
	at org.testng.internal.TestInvoker.invokeMethod(TestInvoker.java:597)
	at org.testng.internal.TestInvoker.invokeTestMethod(TestInvoker.java:173)
	at org.testng.internal.MethodRunner.runInSequence(MethodRunner.java:46)
	at org.testng.internal.TestInvoker$MethodInvocationAgent.invoke(TestInvoker.java:816)
	at org.testng.internal.TestInvoker.invokeTestMethods(TestInvoker.java:146)
	at org.testng.internal.TestMethodWorker.invokeTestMethods(TestMethodWorker.java:146)
	at org.testng.internal.TestMethodWorker.run(TestMethodWorker.java:128)
	at java.base/java.util.concurrent.ThreadPoolExecutor.runWorker(ThreadPoolExecutor.java:1136)
	at java.base/java.util.concurrent.ThreadPoolExecutor$Worker.run(ThreadPoolExecutor.java:635)
	at java.base/java.lang.Thread.run(Thread.java:833)
</pre></div></td>
<td>0</td>
<td>day13and14.reoporter@5a63f509</td></tr>
</table><p>
<table width='100%' border='1' class='invocation-passed'>
<tr><td colspan='4' align='center'><b>PASSED TESTS</b></td></tr>
<tr><td><b>Test method</b></td>
<td width="30%"><b>Exception</b></td>
<td width="10%"><b>Time (seconds)</b></td>
<td><b>Instance</b></td>
</tr>
<tr>
<td title='day13and14.dependson.m1()'><b>m1</b><br>Test class: day13and14.dependson</td>
<td></td>
<td>0</td>
<td>day13and14.dependson@4386f16</td></tr>
<tr>
<td title='day13and14.reoporter.m1()'><b>m1</b><br>Test class: day13and14.reoporter<br/>
<a href="#Output-1505562381" onClick='toggleBox("Output-1505562381", this, "Show output", "Hide output");'>Show output</a>

<a href="#Output-1505562381" onClick="toggleAllBoxes();">Show all outputs</a>
<div class='log' id="Output-1505562381">
execution done<br/>
execution doneclose<br/>
</div>
</td>
<td></td>
<td>0</td>
<td>day13and14.reoporter@3eb7fc54</td></tr>
<tr>
<td title='day13and14.test4.m1()'><b>m1</b><br>Test class: day13and14.test4</td>
<td></td>
<td>5</td>
<td>day13and14.test4@79b06cab</td></tr>
<tr>
<td title='day13and14.test3.m1()'><b>m1</b><br>Test class: day13and14.test3</td>
<td></td>
<td>0</td>
<td>day13and14.test3@363ee3a2</td></tr>
<tr>
<td title='day13and14.reoporter.m1()'><b>m1</b><br>Test class: day13and14.reoporter<br/>
<a href="#Output-990870125" onClick='toggleBox("Output-990870125", this, "Show output", "Hide output");'>Show output</a>

<a href="#Output-990870125" onClick="toggleAllBoxes();">Show all outputs</a>
<div class='log' id="Output-990870125">
execution done<br/>
execution doneclose<br/>
</div>
</td>
<td></td>
<td>0</td>
<td>day13and14.reoporter@5a63f509</td></tr>
<tr>
<td title='day13and14.dependson.m1()'><b>m1</b><br>Test class: day13and14.dependson</td>
<td></td>
<td>0</td>
<td>day13and14.dependson@70e8f8e</td></tr>
<tr>
<td title='day13and14.test3.m1()'><b>m1</b><br>Test class: day13and14.test3</td>
<td></td>
<td>0</td>
<td>day13and14.test3@17046283</td></tr>
<tr>
<td title='day13and14.test4.m1()'><b>m1</b><br>Test class: day13and14.test4</td>
<td></td>
<td>5</td>
<td>day13and14.test4@29626d54</td></tr>
<tr>
<td title='day13and14.test2.test2_1()'><b>test2_1</b><br>Test class: day13and14.test2</td>
<td></td>
<td>5</td>
<td>day13and14.test2@4690b489</td></tr>
<tr>
<td title='day13and14.test2.test2_1()'><b>test2_1</b><br>Test class: day13and14.test2</td>
<td></td>
<td>5</td>
<td>day13and14.test2@5bd03f44</td></tr>
<tr>
<td title='day13and14.dependson.test3_1()'><b>test3_1</b><br>Test class: day13and14.dependson<br>Test method: testingthis test3</td>
<td></td>
<td>0</td>
<td>day13and14.dependson@4386f16</td></tr>
<tr>
<td title='day13and14.test4.test3_1()'><b>test3_1</b><br>Test class: day13and14.test4<br>Test method: testingthis test3</td>
<td></td>
<td>0</td>
<td>day13and14.test4@79b06cab</td></tr>
<tr>
<td title='day13and14.test3.test3_1()'><b>test3_1</b><br>Test class: day13and14.test3<br>Test method: testingthis test3</td>
<td></td>
<td>5</td>
<td>day13and14.test3@363ee3a2</td></tr>
<tr>
<td title='day13and14.dependson.test3_1()'><b>test3_1</b><br>Test class: day13and14.dependson<br>Test method: testingthis test3</td>
<td></td>
<td>0</td>
<td>day13and14.dependson@70e8f8e</td></tr>
<tr>
<td title='day13and14.test4.test3_1()'><b>test3_1</b><br>Test class: day13and14.test4<br>Test method: testingthis test3</td>
<td></td>
<td>0</td>
<td>day13and14.test4@29626d54</td></tr>
<tr>
<td title='day13and14.test3.test3_1()'><b>test3_1</b><br>Test class: day13and14.test3<br>Test method: testingthis test3</td>
<td></td>
<td>5</td>
<td>day13and14.test3@17046283</td></tr>
</table><p>
</body>
</html>